<?xml version="1.0" encoding="UTF-8"?>
<!-- Generated by org.testng.reporters.JUnitReportReporter -->
<testsuite hostname="LAPTOP-9H358MQU" failures="0" tests="1" name="HMS.admin.testcases.frontofficetest" time="4.186" errors="0" timestamp="24 Jul 2021 05:31:08 GMT" skipped="0">
  <testcase classname="HMS.admin.testcases.frontofficetest" name="frontofficetest" time="4.186"/>
</testsuite> <!-- HMS.admin.testcases.frontofficetest -->
