<?xml version="1.0" encoding="UTF-8"?>
<!-- Generated by org.testng.reporters.JUnitReportReporter -->
<testsuite hostname="LAPTOP-9H358MQU" failures="0" tests="2" name="HMS.admin.testcases.Logintest" time="29.215" errors="0" timestamp="24 Jul 2021 05:31:08 GMT" skipped="0">
  <testcase classname="HMS.admin.testcases.Logintest" name="titletest" time="5.643"/>
  <testcase classname="HMS.admin.testcases.Logintest" name="testlogin" time="23.572"/>
</testsuite> <!-- HMS.admin.testcases.Logintest -->
